<?xml version="1.0" encoding="UTF-8"?>
<testng-results ignored="6" total="9" passed="2" failed="1" skipped="0">
  <reporter-output>
  </reporter-output>
  <suite started-at="2022-06-23T00:36:20 IST" name="Suite" finished-at="2022-06-23T00:38:06 IST" duration-ms="105805">
    <groups>
      <group name="regression">
        <method signature="TestClass.TestFacebook()[pri:0, instance:com.capturescreenshots.TestClass@557caf28]" name="TestFacebook" class="com.capturescreenshots.TestClass"/>
      </group> <!-- regression -->
      <group name="smoke">
        <method signature="TestClass.TestGoogle()[pri:0, instance:com.capturescreenshots.TestClass@145f66e3]" name="TestGoogle" class="com.capturescreenshots.TestClass"/>
        <method signature="TestClass.TestFacebook()[pri:0, instance:com.capturescreenshots.TestClass@557caf28]" name="TestFacebook" class="com.capturescreenshots.TestClass"/>
      </group> <!-- smoke -->
      <group name="sanity">
        <method signature="TestClass.TestorangeHrm()[pri:0, instance:com.capturescreenshots.TestClass@206a70ef]" name="TestorangeHrm" class="com.capturescreenshots.TestClass"/>
      </group> <!-- sanity -->
    </groups>
    <test started-at="2022-06-23T00:36:20 IST" name="Test Google" finished-at="2022-06-23T00:37:08 IST" duration-ms="47767">
      <class name="com.capturescreenshots.TestClass">
        <test-method is-config="true" signature="setup(org.testng.ITestContext,java.lang.String)[pri:0, instance:com.capturescreenshots.TestClass@145f66e3]" started-at="2022-06-23T00:36:20 IST" name="setup" finished-at="2022-06-23T00:36:36 IST" duration-ms="15819" status="PASS">
          <params>
            <param index="0">
              <value>
                <![CDATA[org.testng.TestRunner@1df9186f]]>
              </value>
            </param>
            <param index="1">
              <value>
                <![CDATA[chrome]]>
              </value>
            </param>
          </params>
          <reporter-output>
          </reporter-output>
        </test-method> <!-- setup -->
        <test-method signature="TestGoogle()[pri:0, instance:com.capturescreenshots.TestClass@145f66e3]" started-at="2022-06-23T00:36:36 IST" name="TestGoogle" finished-at="2022-06-23T00:37:06 IST" duration-ms="29613" status="PASS">
          <reporter-output>
          </reporter-output>
        </test-method> <!-- TestGoogle -->
        <test-method is-config="true" signature="checkStatus(java.lang.reflect.Method,org.testng.ITestResult)[pri:0, instance:com.capturescreenshots.TestClass@145f66e3]" started-at="2022-06-23T00:37:06 IST" name="checkStatus" finished-at="2022-06-23T00:37:06 IST" duration-ms="1" status="PASS">
          <params>
            <param index="0">
              <value>
                <![CDATA[public void com.capturescreenshots.TestClass.TestGoogle() throws java.lang.Exception]]>
              </value>
            </param>
            <param index="1">
              <value>
                <![CDATA[[TestResult name=TestGoogle status=SUCCESS method=TestClass.TestGoogle()[pri:0, instance:com.capturescreenshots.TestClass@145f66e3] output={null}]]]>
              </value>
            </param>
          </params>
          <reporter-output>
          </reporter-output>
        </test-method> <!-- checkStatus -->
        <test-method is-config="true" signature="teardown()[pri:0, instance:com.capturescreenshots.TestClass@145f66e3]" started-at="2022-06-23T00:37:06 IST" name="teardown" finished-at="2022-06-23T00:37:08 IST" duration-ms="2191" status="PASS">
          <reporter-output>
          </reporter-output>
        </test-method> <!-- teardown -->
      </class> <!-- com.capturescreenshots.TestClass -->
    </test> <!-- Test Google -->
    <test started-at="2022-06-23T00:37:08 IST" name="Test Facebook" finished-at="2022-06-23T00:37:44 IST" duration-ms="36410">
      <class name="com.capturescreenshots.TestClass">
        <test-method is-config="true" signature="setup(org.testng.ITestContext,java.lang.String)[pri:0, instance:com.capturescreenshots.TestClass@557caf28]" started-at="2022-06-23T00:37:08 IST" name="setup" finished-at="2022-06-23T00:37:21 IST" duration-ms="13296" status="PASS">
          <params>
            <param index="0">
              <value>
                <![CDATA[org.testng.TestRunner@2726a511]]>
              </value>
            </param>
            <param index="1">
              <value>
                <![CDATA[edge]]>
              </value>
            </param>
          </params>
          <reporter-output>
          </reporter-output>
        </test-method> <!-- setup -->
        <test-method signature="TestFacebook()[pri:0, instance:com.capturescreenshots.TestClass@557caf28]" started-at="2022-06-23T00:37:21 IST" name="TestFacebook" finished-at="2022-06-23T00:37:44 IST" duration-ms="22261" status="PASS">
          <reporter-output>
          </reporter-output>
        </test-method> <!-- TestFacebook -->
        <test-method is-config="true" signature="checkStatus(java.lang.reflect.Method,org.testng.ITestResult)[pri:0, instance:com.capturescreenshots.TestClass@557caf28]" started-at="2022-06-23T00:37:44 IST" name="checkStatus" finished-at="2022-06-23T00:37:44 IST" duration-ms="2" status="PASS">
          <params>
            <param index="0">
              <value>
                <![CDATA[public void com.capturescreenshots.TestClass.TestFacebook() throws java.lang.Exception]]>
              </value>
            </param>
            <param index="1">
              <value>
                <![CDATA[[TestResult name=TestFacebook status=SUCCESS method=TestClass.TestFacebook()[pri:0, instance:com.capturescreenshots.TestClass@557caf28] output={null}]]]>
              </value>
            </param>
          </params>
          <reporter-output>
          </reporter-output>
        </test-method> <!-- checkStatus -->
        <test-method is-config="true" signature="teardown()[pri:0, instance:com.capturescreenshots.TestClass@557caf28]" started-at="2022-06-23T00:37:44 IST" name="teardown" finished-at="2022-06-23T00:37:44 IST" duration-ms="840" status="PASS">
          <reporter-output>
          </reporter-output>
        </test-method> <!-- teardown -->
      </class> <!-- com.capturescreenshots.TestClass -->
    </test> <!-- Test Facebook -->
    <test started-at="2022-06-23T00:37:44 IST" name="Test orangeHrm" finished-at="2022-06-23T00:38:06 IST" duration-ms="21499">
      <class name="com.capturescreenshots.TestClass">
        <test-method is-config="true" signature="intializeExtentReport()[pri:0, instance:com.capturescreenshots.TestClass@206a70ef]" started-at="2022-06-23T00:36:20 IST" name="intializeExtentReport" finished-at="2022-06-23T00:36:20 IST" duration-ms="452" status="PASS">
          <reporter-output>
          </reporter-output>
        </test-method> <!-- intializeExtentReport -->
        <test-method is-config="true" signature="setup(org.testng.ITestContext,java.lang.String)[pri:0, instance:com.capturescreenshots.TestClass@206a70ef]" started-at="2022-06-23T00:37:44 IST" name="setup" finished-at="2022-06-23T00:37:56 IST" duration-ms="11323" status="PASS">
          <params>
            <param index="0">
              <value>
                <![CDATA[org.testng.TestRunner@72c9ebfa]]>
              </value>
            </param>
            <param index="1">
              <value>
                <![CDATA[chrome]]>
              </value>
            </param>
          </params>
          <reporter-output>
          </reporter-output>
        </test-method> <!-- setup -->
        <test-method signature="TestorangeHrm()[pri:0, instance:com.capturescreenshots.TestClass@206a70ef]" started-at="2022-06-23T00:37:56 IST" name="TestorangeHrm" finished-at="2022-06-23T00:38:04 IST" duration-ms="8740" status="FAIL">
          <exception class="org.openqa.selenium.NoSuchElementException">
            <message>
              <![CDATA[no such element: Unable to locate element: {"method":"css selector","selector":"#welcome"}
  (Session info: chrome=102.0.5005.115)
For documentation on this error, please visit: https://selenium.dev/exceptions/#no_such_element
Build info: version: '4.1.3', revision: '7b1ebf28ef'
System info: host: 'DESKTOP-EMOO80V', ip: '192.168.237.204', os.name: 'Windows 10', os.arch: 'amd64', os.version: '10.0', java.version: '17.0.1'
Driver info: org.openqa.selenium.chrome.ChromeDriver
Command: [410c4611312d593efbed7e0d75c883dc, findElement {using=id, value=welcome}]
Capabilities {acceptInsecureCerts: false, browserName: chrome, browserVersion: 102.0.5005.115, chrome: {chromedriverVersion: 102.0.5005.61 (0e59bcc00cc4..., userDataDir: C:\Users\Dell\AppData\Local...}, goog:chromeOptions: {debuggerAddress: localhost:64090}, javascriptEnabled: true, networkConnectionEnabled: false, pageLoadStrategy: normal, platform: WINDOWS, platformName: WINDOWS, proxy: Proxy(), se:cdp: ws://localhost:64090/devtoo..., se:cdpVersion: 102.0.5005.115, setWindowRect: true, strictFileInteractability: false, timeouts: {implicit: 0, pageLoad: 300000, script: 30000}, unhandledPromptBehavior: dismiss and notify, webauthn:extension:credBlob: true, webauthn:extension:largeBlob: true, webauthn:virtualAuthenticators: true}
Session ID: 410c4611312d593efbed7e0d75c883dc]]>
            </message>
            <full-stacktrace>
              <![CDATA[org.openqa.selenium.NoSuchElementException: no such element: Unable to locate element: {"method":"css selector","selector":"#welcome"}
  (Session info: chrome=102.0.5005.115)
For documentation on this error, please visit: https://selenium.dev/exceptions/#no_such_element
Build info: version: '4.1.3', revision: '7b1ebf28ef'
System info: host: 'DESKTOP-EMOO80V', ip: '192.168.237.204', os.name: 'Windows 10', os.arch: 'amd64', os.version: '10.0', java.version: '17.0.1'
Driver info: org.openqa.selenium.chrome.ChromeDriver
Command: [410c4611312d593efbed7e0d75c883dc, findElement {using=id, value=welcome}]
Capabilities {acceptInsecureCerts: false, browserName: chrome, browserVersion: 102.0.5005.115, chrome: {chromedriverVersion: 102.0.5005.61 (0e59bcc00cc4..., userDataDir: C:\Users\Dell\AppData\Local...}, goog:chromeOptions: {debuggerAddress: localhost:64090}, javascriptEnabled: true, networkConnectionEnabled: false, pageLoadStrategy: normal, platform: WINDOWS, platformName: WINDOWS, proxy: Proxy(), se:cdp: ws://localhost:64090/devtoo..., se:cdpVersion: 102.0.5005.115, setWindowRect: true, strictFileInteractability: false, timeouts: {implicit: 0, pageLoad: 300000, script: 30000}, unhandledPromptBehavior: dismiss and notify, webauthn:extension:credBlob: true, webauthn:extension:largeBlob: true, webauthn:virtualAuthenticators: true}
Session ID: 410c4611312d593efbed7e0d75c883dc
at java.base/jdk.internal.reflect.NativeConstructorAccessorImpl.newInstance0(Native Method)
at java.base/jdk.internal.reflect.NativeConstructorAccessorImpl.newInstance(NativeConstructorAccessorImpl.java:77)
at java.base/jdk.internal.reflect.DelegatingConstructorAccessorImpl.newInstance(DelegatingConstructorAccessorImpl.java:45)
at java.base/java.lang.reflect.Constructor.newInstanceWithCaller(Constructor.java:499)
at java.base/java.lang.reflect.Constructor.newInstance(Constructor.java:480)
at org.openqa.selenium.remote.codec.w3c.W3CHttpResponseCodec.createException(W3CHttpResponseCodec.java:200)
at org.openqa.selenium.remote.codec.w3c.W3CHttpResponseCodec.decode(W3CHttpResponseCodec.java:133)
at org.openqa.selenium.remote.codec.w3c.W3CHttpResponseCodec.decode(W3CHttpResponseCodec.java:53)
at org.openqa.selenium.remote.HttpCommandExecutor.execute(HttpCommandExecutor.java:184)
at org.openqa.selenium.remote.service.DriverCommandExecutor.invokeExecute(DriverCommandExecutor.java:167)
at org.openqa.selenium.remote.service.DriverCommandExecutor.execute(DriverCommandExecutor.java:142)
at org.openqa.selenium.remote.RemoteWebDriver.execute(RemoteWebDriver.java:567)
at org.openqa.selenium.remote.ElementLocation$ElementFinder$2.findElement(ElementLocation.java:162)
at org.openqa.selenium.remote.ElementLocation.findElement(ElementLocation.java:60)
at org.openqa.selenium.remote.RemoteWebDriver.findElement(RemoteWebDriver.java:385)
at org.openqa.selenium.remote.RemoteWebDriver.findElement(RemoteWebDriver.java:377)
at com.capturescreenshots.TestClass.TestorangeHrm(TestClass.java:91)
at java.base/jdk.internal.reflect.NativeMethodAccessorImpl.invoke0(Native Method)
at java.base/jdk.internal.reflect.NativeMethodAccessorImpl.invoke(NativeMethodAccessorImpl.java:77)
at java.base/jdk.internal.reflect.DelegatingMethodAccessorImpl.invoke(DelegatingMethodAccessorImpl.java:43)
at java.base/java.lang.reflect.Method.invoke(Method.java:568)
at org.testng.internal.invokers.MethodInvocationHelper.invokeMethod(MethodInvocationHelper.java:135)
at org.testng.internal.invokers.TestInvoker.invokeMethod(TestInvoker.java:673)
at org.testng.internal.invokers.TestInvoker.invokeTestMethod(TestInvoker.java:220)
at org.testng.internal.invokers.MethodRunner.runInSequence(MethodRunner.java:50)
at org.testng.internal.invokers.TestInvoker$MethodInvocationAgent.invoke(TestInvoker.java:945)
at org.testng.internal.invokers.TestInvoker.invokeTestMethods(TestInvoker.java:193)
at org.testng.internal.invokers.TestMethodWorker.invokeTestMethods(TestMethodWorker.java:146)
at org.testng.internal.invokers.TestMethodWorker.run(TestMethodWorker.java:128)
at java.base/java.util.ArrayList.forEach(ArrayList.java:1511)
at org.testng.TestRunner.privateRun(TestRunner.java:808)
at org.testng.TestRunner.run(TestRunner.java:603)
at org.testng.SuiteRunner.runTest(SuiteRunner.java:429)
at org.testng.SuiteRunner.runSequentially(SuiteRunner.java:423)
at org.testng.SuiteRunner.privateRun(SuiteRunner.java:383)
at org.testng.SuiteRunner.run(SuiteRunner.java:326)
at org.testng.SuiteRunnerWorker.runSuite(SuiteRunnerWorker.java:52)
at org.testng.SuiteRunnerWorker.run(SuiteRunnerWorker.java:95)
at org.testng.TestNG.runSuitesSequentially(TestNG.java:1249)
at org.testng.TestNG.runSuitesLocally(TestNG.java:1169)
at org.testng.TestNG.runSuites(TestNG.java:1092)
at org.testng.TestNG.run(TestNG.java:1060)
at org.testng.remote.AbstractRemoteTestNG.run(AbstractRemoteTestNG.java:115)
at org.testng.remote.RemoteTestNG.initAndRun(RemoteTestNG.java:251)
at org.testng.remote.RemoteTestNG.main(RemoteTestNG.java:77)
]]>
            </full-stacktrace>
          </exception> <!-- org.openqa.selenium.NoSuchElementException -->
          <reporter-output>
          </reporter-output>
        </test-method> <!-- TestorangeHrm -->
        <test-method is-config="true" signature="checkStatus(java.lang.reflect.Method,org.testng.ITestResult)[pri:0, instance:com.capturescreenshots.TestClass@206a70ef]" started-at="2022-06-23T00:38:05 IST" name="checkStatus" finished-at="2022-06-23T00:38:05 IST" duration-ms="754" status="PASS">
          <params>
            <param index="0">
              <value>
                <![CDATA[public void com.capturescreenshots.TestClass.TestorangeHrm()]]>
              </value>
            </param>
            <param index="1">
              <value>
                <![CDATA[[TestResult name=TestorangeHrm status=FAILURE method=TestClass.TestorangeHrm()[pri:0, instance:com.capturescreenshots.TestClass@206a70ef] output={null}]]]>
              </value>
            </param>
          </params>
          <reporter-output>
          </reporter-output>
        </test-method> <!-- checkStatus -->
        <test-method is-config="true" signature="teardown()[pri:0, instance:com.capturescreenshots.TestClass@206a70ef]" started-at="2022-06-23T00:38:05 IST" name="teardown" finished-at="2022-06-23T00:38:06 IST" duration-ms="533" status="PASS">
          <reporter-output>
          </reporter-output>
        </test-method> <!-- teardown -->
        <test-method is-config="true" signature="generateExtentReport()[pri:0, instance:com.capturescreenshots.TestClass@206a70ef]" started-at="2022-06-23T00:38:06 IST" name="generateExtentReport" finished-at="2022-06-23T00:38:10 IST" duration-ms="3642" status="PASS">
          <reporter-output>
          </reporter-output>
        </test-method> <!-- generateExtentReport -->
      </class> <!-- com.capturescreenshots.TestClass -->
    </test> <!-- Test orangeHrm -->
  </suite> <!-- Suite -->
</testng-results>
